2021-9-4 14:36  FunnyVirus 0.1 ----- Your Best Fool's Day Gift
	       |
               ├2021-9-6 20:21  FunnyVirus 0.1.1
               ┕2021-9-6 20:33  FunnyVirus 0.1.2
2021-9-6 21:14  FunnyVirus 0.2 ----- Bilingual
	       |
               ┕2021-10-01  FunnyVirus 0.2.1 ----- FV-001
2021-10-10 16:31 FunnyVirus 0.3
	       |
               ├2021-10-24  FunnyVirus 0.3.1
               ├2021-10-24  FunnyVirus 0.3.2 ----- FV-002
               ├2021-11-04  FunnyVirus 0.3.3 ----- FV-003
               ├2021-11-04  FunnyVirus 0.3.4
               ┕2021-11-04  FunnyVirus 0.3.5 ----- FV-004,FV005,FV-006
2021-11-05 14:18 FunnyVirus 0.4 ----- Fancy fonts and colors
               ├2021-11-07  FunnyVirus 0.4.1
	               |
	               ├2021-11-06  FunnyVirus 0.4.1 Pre-release 1
	               ├2021-11-07  FunnyVirus 0.4.1 Pre-release 2
	               ┕2021-11-07  FunnyVirus 0.4.1 Release Candidate 1
